\BOOKMARK [1][]{section*.1}{\376\377\000I\000n\000t\000r\000o\000d\000u\000c\000t\000i\000o\000n}{}% 1
\BOOKMARK [2][-]{subsection.0.1}{\376\377\000R\000e\000s\000e\000a\000r\000c\000h}{section*.1}% 2
\BOOKMARK [1][]{section.1}{\376\377\000T\000h\000e\000\040\000H\000i\000s\000t\000o\000r\000y}{}% 3
\BOOKMARK [2][-]{subsection.1.1}{\376\377\000V\000i\000s\000i\000o\000n\000\040\000a\000n\000d\000\040\000m\000i\000s\000s\000i\000o\000n}{section.1}% 4
\BOOKMARK [2][-]{subsection.1.2}{\376\377\000B\000o\000s\000t\000o\000n\000\040\000T\000e\000c\000h\000\040\000\050\0001\0008\0006\0005\040\023\0001\0009\0001\0006\000\051}{section.1}% 5
\BOOKMARK [2][-]{subsection.1.3}{\376\377\000W\000o\000r\000l\000d\000\040\000W\000a\000r\000\040\000I\000\040\000\050\0001\0009\0001\0007\040\023\0001\0009\0003\0009\000\051}{section.1}% 6
\BOOKMARK [2][-]{subsection.1.4}{\376\377\000W\000o\000r\000l\000d\000\040\000W\000a\000r\000\040\000I\000I\000\040\000a\000n\000d\000\040\000C\000o\000l\000d\000\040\000W\000a\000r\000\040\000\050\0001\0009\0004\0000\040\023\0001\0009\0006\0006\000\051}{section.1}% 7
\BOOKMARK [2][-]{subsection.1.5}{\376\377\000S\000o\000c\000i\000a\000l\000\040\000m\000o\000v\000e\000m\000e\000n\000t\000s\000\040\000a\000n\000d\000\040\000a\000c\000t\000i\000v\000i\000s\000m\000\040\000\050\0001\0009\0006\0006\040\023\0001\0009\0008\0000\000\051}{section.1}% 8
\BOOKMARK [3][-]{subsubsection.1.5.1}{\376\377\000C\000o\000-\000e\000d\000u\000c\000a\000t\000i\000o\000n}{subsection.1.5}% 9
\BOOKMARK [3][-]{subsubsection.1.5.2}{\376\377\000A\000n\000t\000i\000-\000w\000a\000r\000\040\000p\000r\000o\000t\000e\000s\000t\000s}{subsection.1.5}% 10
\BOOKMARK [3][-]{subsubsection.1.5.3}{\376\377\000S\000o\000c\000i\000a\000l\000\040\000m\000o\000v\000e\000m\000e\000n\000t\000s}{subsection.1.5}% 11
\BOOKMARK [1][]{section.2}{\376\377\004\037\004\065\004\100\004\065\004\062\004\076\004\064}{}% 12
\BOOKMARK [2][-]{subsection.2.1}{\376\377\004\022\004\062\004\065\004\064\004\065\004\075\004\070\004\065}{section.2}% 13
\BOOKMARK [2][-]{subsection.2.2}{\376\377\004\030\004\101\004\101\004\073\004\065\004\064\004\076\004\062\004\060\004\075\004\070\004\117}{section.2}% 14
\BOOKMARK [2][-]{subsection.2.3}{\376\377\004\030\004\101\004\102\004\076\004\100\004\070\004\117}{section.2}% 15
\BOOKMARK [3][-]{subsubsection.2.3.1}{\376\377\004\022\004\070\004\064\004\065\004\075\004\070\004\065\000\040\004\070\000\040\004\074\004\070\004\101\004\101\004\070\004\117}{subsection.2.3}% 16
\BOOKMARK [2][-]{subsection.2.4}{\376\377\004\021\004\076\004\101\004\102\004\076\004\075\000\040\004\042\004\065\004\072\000\040\000\050\0001\0008\0006\0005\000-\0001\0009\0001\0006\000\051}{section.2}% 17
\BOOKMARK [2][-]{subsection.2.5}{\376\377\004\037\004\065\004\100\004\062\004\060\004\117\000\040\004\034\004\070\004\100\004\076\004\062\004\060\004\117\000\040\004\022\004\076\004\071\004\075\004\060\000\040\000\050\0001\0009\0001\0007\040\024\0001\0009\0003\0009\000\051}{section.2}% 18
\BOOKMARK [2][-]{subsection.2.6}{\376\377\004\022\004\102\004\076\004\100\004\060\004\117\000\040\004\034\004\070\004\100\004\076\004\062\004\060\004\117\000\040\004\022\004\076\004\071\004\075\004\060\000\040\004\070\000\040\004\045\004\076\004\073\004\076\004\064\004\075\004\060\004\117\000\040\004\022\004\076\004\071\004\075\004\060\000\040\000\050\0001\0009\0004\0000\000-\0001\0009\0006\0006\000\051}{section.2}% 19
\BOOKMARK [2][-]{subsection.2.7}{\376\377\004\041\004\076\004\106\004\070\004\060\004\073\004\114\004\075\004\113\004\065\000\040\004\064\004\062\004\070\004\066\004\065\004\075\004\070\004\117\000\040\004\070\000\040\004\060\004\072\004\102\004\070\004\062\004\075\004\076\004\101\004\102\004\114\000\040\000\050\0001\0009\0006\0006\000-\0001\0009\0008\0000\000\051}{section.2}% 20
\BOOKMARK [3][-]{subsubsection.2.7.1}{\376\377\004\041\004\076\004\062\004\074\004\065\004\101\004\102\004\075\004\076\004\065\000\040\004\076\004\061\004\103\004\107\004\065\004\075\004\070\004\065}{subsection.2.7}% 21
\BOOKMARK [3][-]{subsubsection.2.7.2}{\376\377\004\020\004\075\004\102\004\070\004\062\004\076\004\065\004\075\004\075\004\113\004\065\000\040\004\077\004\100\004\076\004\102\004\065\004\101\004\102\004\113}{subsection.2.7}% 22
\BOOKMARK [3][-]{subsubsection.2.7.3}{\376\377\004\041\004\076\004\106\004\070\004\060\004\073\004\114\004\075\004\113\004\065\000\040\004\064\004\062\004\070\004\066\004\065\004\075\004\070\004\117}{subsection.2.7}% 23
