\BOOKMARK [1][]{section*.1}{\376\377\004\022\004\062\004\065\004\064\004\065\004\075\004\070\004\065}{}% 1
\BOOKMARK [1][]{section.1}{\376\377\004\030\004\101\004\102\004\076\004\100\004\070\004\117\000\040\004\100\004\060\004\067\004\062\004\070\004\102\004\070\004\117\000\040\004\070\004\101\004\072\004\103\004\101\004\101\004\102\004\062\004\065\004\075\004\075\004\076\004\063\004\076\000\040\004\070\004\075\004\102\004\065\004\073\004\073\004\065\004\072\004\102\004\060}{}% 2
\BOOKMARK [1][]{section.2}{\376\377\004\037\004\065\004\100\004\101\004\077\004\065\004\072\004\102\004\070\004\062\004\113\000\040\004\070\000\040\004\102\004\065\004\075\004\064\004\065\004\075\004\106\004\070\004\070\000\040\004\100\004\060\004\067\004\062\004\070\004\102\004\070\004\117\000\040\004\070\004\101\004\072\004\103\004\101\004\101\004\102\004\062\004\065\004\075\004\075\004\076\004\063\004\076\000\040\004\070\004\075\004\102\004\065\004\073\004\073\004\065\004\072\004\102\004\060}{}% 3
\BOOKMARK [2][-]{subsection.2.1}{\376\377\004\035\004\065\004\071\004\100\004\076\004\075\004\075\004\113\004\065\000\040\004\101\004\065\004\102\004\070}{section.2}% 4
\BOOKMARK [2][-]{subsection.2.2}{\376\377\004\055\004\062\004\076\004\073\004\116\004\106\004\070\004\076\004\075\004\075\004\113\004\065\000\040\004\062\004\113\004\107\004\070\004\101\004\073\004\065\004\075\004\070\004\117}{section.2}% 5
\BOOKMARK [2][-]{subsection.2.3}{\376\377\004\035\004\065\004\107\004\121\004\102\004\072\004\060\004\117\000\040\004\073\004\076\004\063\004\070\004\072\004\060}{section.2}% 6
\BOOKMARK [2][-]{subsection.2.4}{\376\377\004\036\004\061\004\100\004\060\004\061\004\076\004\102\004\072\004\060\000\040\004\070\004\067\004\076\004\061\004\100\004\060\004\066\004\065\004\075\004\070\004\071}{section.2}% 7
\BOOKMARK [2][-]{subsection.2.5}{\376\377\004\055\004\072\004\101\004\077\004\065\004\100\004\102\004\075\004\113\004\065\000\040\004\101\004\070\004\101\004\102\004\065\004\074\004\113}{section.2}% 8
\BOOKMARK [2][-]{subsection.2.6}{\376\377\004\030\004\075\004\102\004\065\004\073\004\073\004\065\004\072\004\102\004\103\004\060\004\073\004\114\004\075\004\113\004\065\000\040\004\077\004\100\004\070\004\073\004\076\004\066\004\065\004\075\004\070\004\117}{section.2}% 9
\BOOKMARK [2][-]{subsection.2.7}{\376\377\004\040\004\060\004\101\004\077\004\100\004\065\004\064\004\065\004\073\004\121\004\075\004\075\004\113\004\065\000\040\004\062\004\113\004\107\004\070\004\101\004\073\004\065\004\075\004\070\004\117}{section.2}% 10
\BOOKMARK [2][-]{subsection.2.8}{\376\377\004\036\004\077\004\065\004\100\004\060\004\106\004\070\004\076\004\075\004\075\004\113\004\065\000\040\004\101\004\070\004\101\004\102\004\065\004\074\004\113\000\040\004\100\004\065\004\060\004\073\004\114\004\075\004\076\004\063\004\076\000\040\004\062\004\100\004\065\004\074\004\065\004\075\004\070}{section.2}% 11
\BOOKMARK [2][-]{subsection.2.9}{\376\377\004\030\004\075\004\102\004\065\004\073\004\073\004\065\004\072\004\102\004\103\004\060\004\073\004\114\004\075\004\060\004\117\000\040\004\070\004\075\004\066\004\065\004\075\004\065\004\100\004\070\004\117}{section.2}% 12
\BOOKMARK [2][-]{subsection.2.10}{\376\377\004\041\004\060\004\074\004\076\004\076\004\100\004\063\004\060\004\075\004\070\004\067\004\103\004\116\004\111\004\070\004\065\004\101\004\117\000\040\004\101\004\070\004\101\004\102\004\065\004\074\004\113\000\040\004\103\004\077\004\100\004\060\004\062\004\073\004\065\004\075\004\070\004\117\000\040\004\061\004\060\004\067\004\060\004\074\004\070\000\040\004\064\004\060\004\075\004\075\004\113\004\105}{section.2}% 13
\BOOKMARK [2][-]{subsection.2.11}{\376\377\004\030\004\101\004\072\004\103\004\101\004\101\004\102\004\062\004\065\004\075\004\075\004\113\004\071\000\040\004\070\004\075\004\102\004\065\004\073\004\073\004\065\004\072\004\102\000\040\004\064\004\073\004\117\000\040\004\060\004\075\004\060\004\073\004\070\004\067\004\060\004\102\004\076\004\100\004\101\004\072\004\070\004\105\000\040\004\104\004\103\004\075\004\072\004\106\004\070\004\071}{section.2}% 14
\BOOKMARK [2][-]{subsection.2.12}{\376\377\004\022\004\076\004\065\004\075\004\075\004\113\004\065\000\040\004\102\004\065\004\105\004\075\004\076\004\073\004\076\004\063\004\070\004\070}{section.2}% 15
\BOOKMARK [1][]{section.3}{\376\377\004\030\004\101\004\072\004\103\004\101\004\101\004\102\004\062\004\065\004\075\004\075\004\113\004\071\000\040\004\070\004\075\004\102\004\065\004\073\004\073\004\065\004\072\004\102\000,\000\040\004\072\004\060\004\072\000\040\004\075\004\060\004\077\004\100\004\060\004\062\004\073\004\065\004\075\004\070\004\065\000\040\004\070\004\101\004\101\004\073\004\065\004\064\004\076\004\062\004\060\004\075\004\070\004\071}{}% 16
\BOOKMARK [2][-]{subsection.3.1}{\376\377\004\035\004\065\004\072\004\076\004\102\004\076\004\100\004\113\004\065\000\040\004\077\004\076\004\064\004\105\004\076\004\064\004\113\000\040\004\072\000\040\004\100\004\065\004\110\004\065\004\075\004\070\004\116\000\040\004\077\004\100\004\076\004\061\004\073\004\065\004\074\004\113\000\040\004\030\004\030}{section.3}% 17
\BOOKMARK [3][-]{section*.2}{\376\377\004\034\004\065\004\105\004\060\004\075\004\070\004\101\004\102\004\070\004\107\004\065\004\101\004\072\004\070\004\071\000\040\004\077\004\076\004\064\004\105\004\076\004\064}{subsection.3.1}% 18
\BOOKMARK [4][-]{section*.2}{\376\377\004\055\004\073\004\065\004\072\004\102\004\100\004\076\004\075\004\075\004\113\004\071\000\040\004\077\004\076\004\064\004\105\004\076\004\064}{subsection.3.1}% 19
\BOOKMARK [4][-]{section*.2}{\376\377\004\032\004\070\004\061\004\065\004\100\004\075\004\065\004\102\004\070\004\107\004\065\004\101\004\072\004\070\004\071\000\040\004\077\004\076\004\064\004\105\004\076\004\064}{subsection.3.1}% 20
\BOOKMARK [1][]{section.4}{\376\377\004\027\004\060\004\072\004\073\004\116\004\107\004\065\004\075\004\070\004\065}{}% 21
\BOOKMARK [1][]{section*.3}{\376\377\004\033\004\070\004\102\004\065\004\100\004\060\004\102\004\103\004\100\004\060}{}% 22
