\BOOKMARK [1][]{section*.1}{\376\377\004\022\004\062\004\065\004\064\004\065\004\075\004\070\004\065}{}% 1
\BOOKMARK [1][]{section.1}{\376\377\004\042\004\065\004\105\004\075\004\070\004\072\004\060\000\040\004\070\000\040\004\104\004\070\004\073\004\076\004\101\004\076\004\104\004\070\004\117}{}% 2
\BOOKMARK [1][]{section.2}{\376\377\004\030\004\101\004\105\004\076\004\064\004\075\004\113\004\071\000\040\004\072\004\076\004\064}{}% 3
\BOOKMARK [2][-]{subsection.2.1}{\376\377\000l\000s\000t\000l\000i\000s\000t\000i\000n\000g}{section.2}% 4
\BOOKMARK [2][-]{subsection.2.2}{\376\377\000v\000e\000r\000b\000a\000t\000i\000m}{section.2}% 5
\BOOKMARK [1][]{section.3}{\376\377\004\020\004\073\004\063\004\076\004\100\004\070\004\102\004\074\004\113\000\040\004\070\000\040\004\077\004\101\004\065\004\062\004\064\004\076\004\072\004\076\004\064}{}% 6
\BOOKMARK [2][-]{subsection.3.1}{\376\377\000c\000l\000r\000s\000c\000o\000d\000e\000,\000\040\000c\000o\000d\000e\000b\000o\000x}{section.3}% 7
\BOOKMARK [2][-]{subsection.3.2}{\376\377\000a\000l\000g\000o\000r\000i\000t\000h\000m\000i\000c}{section.3}% 8
\BOOKMARK [3][-]{subsubsection.3.2.1}{\376\377\004\041\000\040\004\075\004\103\004\074\004\065\004\100\004\060\004\106\004\070\004\065\004\071\000\040\004\101\004\102\004\100\004\076\004\072}{subsection.3.2}% 9
\BOOKMARK [3][-]{subsubsection.3.2.2}{\376\377\004\021\004\076\004\073\004\114\004\110\004\076\004\071\000\040\004\077\004\100\004\070\004\074\004\065\004\100}{subsection.3.2}% 10
\BOOKMARK [3][-]{subsubsection.3.2.3}{\376\377\004\040\004\103\004\101\004\101\004\072\004\070\004\071}{subsection.3.2}% 11
\BOOKMARK [1][]{section.4}{\376\377\004\040\004\070\004\101\004\103\004\075\004\072\004\070}{}% 12
\BOOKMARK [2][-]{subsection.4.1}{\376\377\004\034\004\060\004\102\004\065\004\074\004\060\004\102\004\070\004\072\004\060}{section.4}% 13
\BOOKMARK [2][-]{subsection.4.2}{\376\377\004\037\004\100\004\076\004\100\004\076\004\107\004\065\004\101\004\102\004\062\004\076}{section.4}% 14
\BOOKMARK [2][-]{subsection.4.3}{\376\377\004\036\004\101\004\070}{section.4}% 15
\BOOKMARK [1][]{section.5}{\376\377\004\022\004\065\004\072\004\102\004\076\004\100\004\075\004\060\004\117\000\040\004\063\004\100\004\060\004\104\004\070\004\072\004\060}{}% 16
\BOOKMARK [2][-]{subsection.5.1}{\376\377\000t\000i\000k\000z}{section.5}% 17
\BOOKMARK [3][-]{subsubsection.5.1.1}{\376\377\004\023\004\100\004\060\004\104\004\070\004\072\004\070}{subsection.5.1}% 18
\BOOKMARK [4][-]{section*.2}{\376\377\004\037\004\100\004\076\004\101\004\102\004\113\004\065}{subsubsection.5.1.1}% 19
\BOOKMARK [5][-]{section*.2}{\376\377\004\035\004\060\004\107\004\060\004\073\004\076\000\040\004\072\004\076\004\076\004\100\004\064\004\070\004\075\004\060\004\102\000\040\004\103\004\063\004\076\004\073\004\072\004\076\004\074}{subsubsection.5.1.1}% 20
\BOOKMARK [5][-]{section*.2}{\376\377\004\035\004\060\004\107\004\060\004\073\004\076\000\040\004\072\004\076\004\076\004\100\004\064\004\070\004\075\004\060\004\102\000\040\004\072\004\100\004\065\004\101\004\102\004\070\004\072\004\076\004\074}{subsubsection.5.1.1}% 21
\BOOKMARK [5][-]{section*.2}{\376\377\004\041\004\065\004\102\004\072\004\060\000\040\000\050\004\100\004\103\004\107\004\075\004\060\004\117\000\051}{subsubsection.5.1.1}% 22
\BOOKMARK [4][-]{section*.2}{\376\377\004\037\004\100\004\065\004\076\004\061\004\100\004\060\004\067\004\076\004\062\004\060\004\075\004\070\004\117\000\040\004\072\004\076\004\076\004\100\004\064\004\070\004\075\004\060\004\102}{subsubsection.5.1.1}% 23
\BOOKMARK [3][-]{subsubsection.5.1.2}{\376\377\004\024\004\070\004\063\004\060\004\074\004\074\004\113}{subsection.5.1}% 24
\BOOKMARK [4][-]{section*.3}{\376\377\000C\000\040\004\063\004\100\004\060\004\064\004\070\004\065\004\075\004\102\004\076\004\074\000\040\004\070\000\040\004\064\004\065\004\104\004\076\004\100\004\074\004\060\004\106\004\070\004\065\004\071}{subsubsection.5.1.2}% 25
\BOOKMARK [4][-]{section*.3}{\376\377\004\041\000\040\004\102\004\065\004\075\004\114\004\116}{subsubsection.5.1.2}% 26
\BOOKMARK [2][-]{subsection.5.2}{\376\377\000P\000S\000T\000r\000i\000c\000k\000s}{section.5}% 27
\BOOKMARK [0][]{section*.4}{\376\377\004\040\004\060\004\061\004\076\004\102\004\060\000\040\004\101\000\040\004\102\004\065\004\072\004\101\004\102\004\076\004\074\000\040\004\070\000\040\004\110\004\100\004\070\004\104\004\102\004\060\004\074\004\070}{}% 28
\BOOKMARK [1][]{section.6}{\376\377\004\042\004\065\004\072\004\101\004\102}{section*.4}% 29
\BOOKMARK [2][-]{subsection.6.1}{\376\377\004\040\004\060\004\075\004\064\004\076\004\074\004\075\004\113\004\071\000\040\004\102\004\065\004\072\004\101\004\102}{section.6}% 30
\BOOKMARK [3][-]{subsubsection.6.1.1}{\376\377\000T\000e\000X\000M\000a\000k\000e\000r\000X}{subsection.6.1}% 31
\BOOKMARK [3][-]{subsubsection.6.1.2}{\376\377\004\057\004\075\004\064\004\065\004\072\004\101}{subsection.6.1}% 32
